#
# There is insufficient memory for the Java Runtime Environment to continue.
# Native memory allocation (malloc) failed to allocate 1048576 bytes for AllocateHeap
# Possible reasons:
#   The system is out of physical RAM or swap space
#   In 32 bit mode, the process size limit was hit
# Possible solutions:
#   Reduce memory load on the system
#   Increase physical memory or swap space
#   Check if swap backing store is full
#   Use 64 bit Java on a 64 bit OS
#   Decrease Java heap size (-Xmx/-Xms)
#   Decrease number of Java threads
#   Decrease Java thread stack sizes (-Xss)
#   Set larger code cache with -XX:ReservedCodeCacheSize=
# This output file may be truncated or incomplete.
#
#  Out of Memory Error (memory/allocation.inline.hpp:62), pid=12160, tid=10156
#
# JRE version:  (8.0_40-b02) (build )
# Java VM: Java HotSpot(TM) 64-Bit Server VM (25.40-b05 mixed mode windows-amd64 compressed oops)
# Failed to write core dump. Minidumps are not enabled by default on client versions of Windows
#

---------------  T H R E A D  ---------------

Current thread (0x00000000028f2800):  JavaThread "Unknown thread" [_thread_in_vm, id=10156, stack(0x0000000002650000,0x0000000002750000)]

Stack: [0x0000000002650000,0x0000000002750000]
Native frames: (J=compiled Java code, j=interpreted, Vv=VM code, C=native code)
V  [jvm.dll+0x319e7a]
V  [jvm.dll+0x26a993]
V  [jvm.dll+0x26b5d3]
V  [jvm.dll+0x262e45]
V  [jvm.dll+0x261e9f]
V  [jvm.dll+0x3db78c]
V  [jvm.dll+0x3d6cb7]
V  [jvm.dll+0xe57c2]
V  [jvm.dll+0x1fce89]
V  [jvm.dll+0x22ebe4]
V  [jvm.dll+0x14d761]
C  [java.exe+0x20b6]
C  [java.exe+0xc9bb]
C  [java.exe+0xca4f]
C  [KERNEL32.DLL+0x14034]
C  [ntdll.dll+0x73691]


---------------  P R O C E S S  ---------------

Java Threads: ( => current thread )

Other Threads:

=>0x00000000028f2800 (exited) JavaThread "Unknown thread" [_thread_in_vm, id=10156, stack(0x0000000002650000,0x0000000002750000)]

VM state:not at safepoint (normal execution)

VM Mutex/Monitor currently owned by a thread: None

Heap:
 PSYoungGen      total 76288K, used 1310K [0x000000076b400000, 0x0000000770900000, 0x00000007c0000000)
  eden space 65536K, 2% used [0x000000076b400000,0x000000076b547af0,0x000000076f400000)
  from space 10752K, 0% used [0x000000076fe80000,0x000000076fe80000,0x0000000770900000)
  to   space 10752K, 0% used [0x000000076f400000,0x000000076f400000,0x000000076fe80000)
 ParOldGen       total 175104K, used 0K [0x00000006c1c00000, 0x00000006cc700000, 0x000000076b400000)
  object space 175104K, 0% used [0x00000006c1c00000,0x00000006c1c00000,0x00000006cc700000)
 Metaspace       used 674K, capacity 4480K, committed 4480K, reserved 1056768K
  class space    used 66K, capacity 384K, committed 384K, reserved 1048576K

Card table byte_map: [0x0000000011db0000,0x00000000125b0000] byte_map_base: 0x000000000e7a2000

Marking Bits: (ParMarkBitMap*) 0x000000006f6e5b80
 Begin Bits: [0x0000000013300000, 0x0000000017290000)
 End Bits:   [0x0000000017290000, 0x000000001b220000)

Polling page: 0x0000000000d40000

CodeCache: size=245760Kb used=327Kb max_used=327Kb free=245432Kb
 bounds [0x00000000029f0000, 0x0000000002c60000, 0x00000000119f0000]
 total_blobs=56 nmethods=0 adapters=37
 compilation: enabled

Compilation events (0 events):
No events

GC Heap History (0 events):
No events

Deoptimization events (0 events):
No events

Internal exceptions (0 events):
No events

Events (10 events):
Event: 0.145 loading class java/lang/Short
Event: 0.145 loading class java/lang/Short done
Event: 0.145 loading class java/lang/Integer
Event: 0.145 loading class java/lang/Integer done
Event: 0.145 loading class java/lang/Long
Event: 0.146 loading class java/lang/Long done
Event: 0.146 loading class java/lang/NullPointerException
Event: 0.146 loading class java/lang/NullPointerException done
Event: 0.146 loading class java/lang/ArithmeticException
Event: 0.147 loading class java/lang/ArithmeticException done


Dynamic libraries:
0x00007ff7dfb70000 - 0x00007ff7dfba4000 	C:\Program Files\Java\jdk1.8.0_40\bin\java.exe
0x00007ffcd0e90000 - 0x00007ffcd1071000 	C:\WINDOWS\SYSTEM32\ntdll.dll
0x00007ffcd0da0000 - 0x00007ffcd0e51000 	C:\WINDOWS\System32\KERNEL32.DLL
0x00007ffccd260000 - 0x00007ffccd4d3000 	C:\WINDOWS\System32\KERNELBASE.dll
0x00007ffccfb40000 - 0x00007ffccfbe1000 	C:\WINDOWS\System32\ADVAPI32.dll
0x00007ffccfbf0000 - 0x00007ffccfc8e000 	C:\WINDOWS\System32\msvcrt.dll
0x00007ffcd0d40000 - 0x00007ffcd0d9b000 	C:\WINDOWS\System32\sechost.dll
0x00007ffcd0600000 - 0x00007ffcd0724000 	C:\WINDOWS\System32\RPCRT4.dll
0x00007ffccf8d0000 - 0x00007ffccfa61000 	C:\WINDOWS\System32\USER32.dll
0x00007ffccd240000 - 0x00007ffccd260000 	C:\WINDOWS\System32\win32u.dll
0x00007ffccfdc0000 - 0x00007ffccfde8000 	C:\WINDOWS\System32\GDI32.dll
0x00007ffccd7a0000 - 0x00007ffccd931000 	C:\WINDOWS\System32\gdi32full.dll
0x00007ffccda40000 - 0x00007ffccdadf000 	C:\WINDOWS\System32\msvcp_win.dll
0x00007ffccd940000 - 0x00007ffccda38000 	C:\WINDOWS\System32\ucrtbase.dll
0x00007ffcbcdd0000 - 0x00007ffcbd039000 	C:\WINDOWS\WinSxS\amd64_microsoft.windows.common-controls_6595b64144ccf1df_6.0.17134.1184_none_d403e8b37c8ca406\COMCTL32.dll
0x00007ffcd02d0000 - 0x00007ffcd05f1000 	C:\WINDOWS\System32\combase.dll
0x00007ffccd6d0000 - 0x00007ffccd749000 	C:\WINDOWS\System32\bcryptPrimitives.dll
0x00007ffcd00c0000 - 0x00007ffcd00ed000 	C:\WINDOWS\System32\IMM32.DLL
0x000000006f770000 - 0x000000006f842000 	C:\Program Files\Java\jdk1.8.0_40\jre\bin\msvcr100.dll
0x000000006ef00000 - 0x000000006f762000 	C:\Program Files\Java\jdk1.8.0_40\jre\bin\server\jvm.dll
0x00007ffccf8c0000 - 0x00007ffccf8c8000 	C:\WINDOWS\System32\PSAPI.DLL
0x00007ffccb1e0000 - 0x00007ffccb203000 	C:\WINDOWS\SYSTEM32\WINMM.dll
0x00007ffcba320000 - 0x00007ffcba329000 	C:\WINDOWS\SYSTEM32\WSOCK32.dll
0x00007ffccfdf0000 - 0x00007ffccfe5c000 	C:\WINDOWS\System32\WS2_32.dll
0x00007ffccb180000 - 0x00007ffccb1aa000 	C:\WINDOWS\SYSTEM32\WINMMBASE.dll
0x00007ffccd750000 - 0x00007ffccd799000 	C:\WINDOWS\System32\cfgmgr32.dll
0x000000006eef0000 - 0x000000006eeff000 	C:\Program Files\Java\jdk1.8.0_40\jre\bin\verify.dll
0x000000006eec0000 - 0x000000006eee8000 	C:\Program Files\Java\jdk1.8.0_40\jre\bin\java.dll
0x000000006ee70000 - 0x000000006ee93000 	C:\Program Files\Java\jdk1.8.0_40\jre\bin\instrument.dll
0x000000006eea0000 - 0x000000006eeb6000 	C:\Program Files\Java\jdk1.8.0_40\jre\bin\zip.dll
0x00007ffcc4920000 - 0x00007ffcc4ae9000 	C:\WINDOWS\SYSTEM32\dbghelp.dll

VM Arguments:
jvm_args: -javaagent:C:\Program Files (x86)\JetBrains\IntelliJ IDEA 2017.1\lib\idea_rt.jar=10368:C:\Program Files (x86)\JetBrains\IntelliJ IDEA 2017.1\bin -Dfile.encoding=UTF-8 
java_command: view.UI
java_class_path (initial): C:\Program Files\Java\jdk1.8.0_40\jre\lib\charsets.jar;C:\Program Files\Java\jdk1.8.0_40\jre\lib\deploy.jar;C:\Program Files\Java\jdk1.8.0_40\jre\lib\ext\access-bridge-64.jar;C:\Program Files\Java\jdk1.8.0_40\jre\lib\ext\cldrdata.jar;C:\Program Files\Java\jdk1.8.0_40\jre\lib\ext\dnsns.jar;C:\Program Files\Java\jdk1.8.0_40\jre\lib\ext\jaccess.jar;C:\Program Files\Java\jdk1.8.0_40\jre\lib\ext\jfxrt.jar;C:\Program Files\Java\jdk1.8.0_40\jre\lib\ext\localedata.jar;C:\Program Files\Java\jdk1.8.0_40\jre\lib\ext\nashorn.jar;C:\Program Files\Java\jdk1.8.0_40\jre\lib\ext\sunec.jar;C:\Program Files\Java\jdk1.8.0_40\jre\lib\ext\sunjce_provider.jar;C:\Program Files\Java\jdk1.8.0_40\jre\lib\ext\sunmscapi.jar;C:\Program Files\Java\jdk1.8.0_40\jre\lib\ext\sunpkcs11.jar;C:\Program Files\Java\jdk1.8.0_40\jre\lib\ext\zipfs.jar;C:\Program Files\Java\jdk1.8.0_40\jre\lib\javaws.jar;C:\Program Files\Java\jdk1.8.0_40\jre\lib\jce.jar;C:\Program Files\Java\jdk1.8.0_40\jre\lib\jfr.jar;C:\Program Files\Java\jdk1.8.0_40\jre\lib\jfxswt.jar;C:\Program Files\Java\jdk1.8.0_40\jre\lib\jsse.jar;C:\Program Files\Java\jdk1.8.0_40\jre\lib\management-agent.jar;C:\Program Files\Java\jdk1.8.0_40\jre\lib\plugin.jar;C:\Program Files\Java\jdk1.8.0_40\jre\lib\resources.jar;C:\Program Files\Java\jdk1.8.0_40\jre\lib\rt.jar;D:\UNI\Advanced Programming-981 USC\mExamples\POROJECT_TERM_RASTINMANESH_MAHMOUDZADEH\out\production\POROJECT_TERM_RASTINMANESH_MAHMOUDZADEH;C:\Program Files (x86)\JetBrains\IntelliJ IDEA 2017.1\lib\idea_rt.jar
Launcher Type: SUN_STANDARD

Environment Variables:
JAVA_HOME=C:\Program Files\Java\jdk1.8.0_40
PATH=C:\oraclexe\app\oracle\product\11.2.0\server\bin;;C:\ProgramData\Oracle\Java\javapath;C:\Windows\system32;C:\Windows;C:\Windows\System32\Wbem;C:\Windows\System32\WindowsPowerShell\v1.0\;C:\Program Files (x86)\NVIDIA Corporation\PhysX\Common;C:\WINDOWS\system32;C:\WINDOWS;C:\WINDOWS\System32\Wbem;C:\WINDOWS\System32\WindowsPowerShell\v1.0\;C:\WINDOWS\System32\OpenSSH\;C:\Program Files\Intel\WiFi\bin\;C:\Program Files\Common Files\Intel\WirelessCommon\;C:\Program Files\Microsoft\Web Platform Installer\;C:\Program Files (x86)\Microsoft ASP.NET\ASP.NET Web Pages\v1.0\;C:\Program Files (x86)\Windows Kits\8.0\Windows Performance Toolkit\;C:\Program Files\Microsoft SQL Server\110\Tools\Binn\;C:\Program Files\Java\jdk1.8.0_40\bin;C:\Program Files\Git\cmd;C:\Users\admin\AppData\Local\Microsoft\WindowsApps;
USERNAME=admin
OS=Windows_NT
PROCESSOR_IDENTIFIER=Intel64 Family 6 Model 158 Stepping 9, GenuineIntel



---------------  S Y S T E M  ---------------

OS: Windows 8.1 , 64 bit Build 9600 

CPU:total 8 (4 cores per cpu, 2 threads per core) family 6 model 158 stepping 9, cmov, cx8, fxsr, mmx, sse, sse2, sse3, ssse3, sse4.1, sse4.2, popcnt, avx, avx2, aes, clmul, erms, lzcnt, ht, tsc, tscinvbit, bmi1, bmi2

Memory: 4k page, physical 16655388k(8718656k free), swap 47833880k(5648k free)

vm_info: Java HotSpot(TM) 64-Bit Server VM (25.40-b05) for windows-amd64 JRE (1.8.0_40-ea-b02), built on Aug 21 2014 00:45:39 by "java_re" with MS VC++ 10.0 (VS2010)

time: Mon Dec 23 12:50:52 2019
elapsed time: 0 seconds (0d 0h 0m 0s)

